[LOG] System::create                           : Header version = 2.01.07. Current version = 2.01.07.
[LOG] Manager::init                            : maxchannels = 256 studioflags = 00000006 flags 00000000 extradriverdata 0000000000000000.
[LOG] SystemI::init                            : Initialize version=20107 (113487), maxchannels=256, flags=0x00020000
[LOG] SystemI::setOutputInternal               : Setting output to 'FMOD WASAPI Output'
[LOG] OutputWASAPI::init                       : Mix Format (WAVEFORMATEX): wFormatTag=0xFFFE, nChannels=2, nSamplesPerSec=48000, nAvgBytesPerSec=384000, nBlockAlign=8, wBitsPerSample=32, cbSize=22.
[LOG] OutputWASAPI::init                       : Mix Format (WAVEFORMATEXTENSIBLE): wValidBitsPerSample=32, dwChannelMask=0x00000003, SubFormat=00000003-0000-0010-8000-00AA00389B71.
[LOG] OutputWASAPI::init                       : Output buffer size: 4096 samples, latency: 0.00ms, period: 10.00ms, DSP buffer: 1024 * 4
[LOG] Thread::initThread                       : Init FMOD stream thread. Affinity: 0x8000000000000003, Priority: 0xFFFF7FFB, Stack Size: 98304, Semaphore: No, Sleep Time: 10, Looping: Yes.
[LOG] Thread::initThread                       : Init FMOD mixer thread. Affinity: 0x8000000000000001, Priority: 0xFFFF7FFA, Stack Size: 81920, Semaphore: No, Sleep Time: 0, Looping: Yes.
[LOG] AsyncManager::init                       : manager 0000022AA9CA7998 isAsync 0 updatePeriod 0.02
[LOG] AsyncManager::init                       : done
[LOG] PlaybackSystem::init                     : 
[LOG] Thread::initThread                       : Init FMOD Studio sample load thread. Affinity: 0x8000000000000003, Priority: 0xFFFF7FFD, Stack Size: 98304, Semaphore: No, Sleep Time: 1, Looping: No.
[LOG] PlaybackSystem::init                     : done
[LOG] Thread::initThread                       : Init FMOD Studio bank load thread. Affinity: 0x8000000000000003, Priority: 0xFFFF7FFD, Stack Size: 98304, Semaphore: No, Sleep Time: 1, Looping: No.
[LOG] Manager::init                            : done.
[LOG] Manager::receiveLiveUpdateBank           : Received live update bank path: fmod:///remote/C:/Users/DHern/AppData/Local/FMOD Studio/UnsavedProjects/Hotswap-LZiBUK/hotswap_3.bank
[LOG] ProfileRemoteFile::fileOpen              : Attemping to open remote file 'C:/Users/DHern/AppData/Local/FMOD Studio/UnsavedProjects/Hotswap-LZiBUK/hotswap_3.bank'
[LOG] Manager::readBank                        : fileversion = 135, compatVersion = 132 (oldest = 44, newest = 135)
[LOG] Manager::receiveLiveUpdateBank           : Received live update bank path: fmod:///remote/C:/Users/DHern/AppData/Local/FMOD Studio/UnsavedProjects/Hotswap-LZiBUK/hotswap_4.bank
[LOG] ProfileRemoteFile::fileOpen              : Attemping to open remote file 'C:/Users/DHern/AppData/Local/FMOD Studio/UnsavedProjects/Hotswap-LZiBUK/hotswap_4.bank'
[LOG] Manager::readBank                        : fileversion = 135, compatVersion = 132 (oldest = 44, newest = 135)
[LOG] Manager::receiveLiveUpdateBank           : Received live update bank path: fmod:///remote/C:/Users/DHern/AppData/Local/FMOD Studio/UnsavedProjects/Hotswap-LZiBUK/hotswap_5.bank
[LOG] ProfileRemoteFile::fileOpen              : Attemping to open remote file 'C:/Users/DHern/AppData/Local/FMOD Studio/UnsavedProjects/Hotswap-LZiBUK/hotswap_5.bank'
[LOG] Manager::readBank                        : fileversion = 135, compatVersion = 132 (oldest = 44, newest = 135)
[LOG] Manager::receiveLiveUpdateBank           : Received live update bank path: fmod:///remote/C:/Users/DHern/AppData/Local/FMOD Studio/UnsavedProjects/Hotswap-LZiBUK/hotswap_6.bank
[LOG] ProfileRemoteFile::fileOpen              : Attemping to open remote file 'C:/Users/DHern/AppData/Local/FMOD Studio/UnsavedProjects/Hotswap-LZiBUK/hotswap_6.bank'
[LOG] Manager::readBank                        : fileversion = 135, compatVersion = 132 (oldest = 44, newest = 135)
[LOG] Manager::receiveLiveUpdateBank           : Received live update bank path: fmod:///remote/C:/Users/DHern/AppData/Local/FMOD Studio/UnsavedProjects/Hotswap-LZiBUK/hotswap_7.bank
[LOG] ProfileRemoteFile::fileOpen              : Attemping to open remote file 'C:/Users/DHern/AppData/Local/FMOD Studio/UnsavedProjects/Hotswap-LZiBUK/hotswap_7.bank'
[LOG] Manager::readBank                        : fileversion = 135, compatVersion = 132 (oldest = 44, newest = 135)
[LOG] Manager::receiveLiveUpdateBank           : Received live update bank path: fmod:///remote/C:/Users/DHern/AppData/Local/FMOD Studio/UnsavedProjects/Hotswap-LZiBUK/hotswap_8.bank
[LOG] ProfileRemoteFile::fileOpen              : Attemping to open remote file 'C:/Users/DHern/AppData/Local/FMOD Studio/UnsavedProjects/Hotswap-LZiBUK/hotswap_8.bank'
[LOG] Manager::readBank                        : fileversion = 135, compatVersion = 132 (oldest = 44, newest = 135)
[LOG] Manager::receiveLiveUpdateBank           : Received live update bank path: fmod:///remote/C:/Users/DHern/AppData/Local/FMOD Studio/UnsavedProjects/Hotswap-LZiBUK/hotswap_9.bank
[LOG] ProfileRemoteFile::fileOpen              : Attemping to open remote file 'C:/Users/DHern/AppData/Local/FMOD Studio/UnsavedProjects/Hotswap-LZiBUK/hotswap_9.bank'
[LOG] Manager::readBank                        : fileversion = 135, compatVersion = 132 (oldest = 44, newest = 135)
[LOG] Manager::receiveLiveUpdateBank           : Received live update bank path: fmod:///remote/C:/Users/DHern/AppData/Local/FMOD Studio/UnsavedProjects/Hotswap-LZiBUK/hotswap_10.bank
[LOG] ProfileRemoteFile::fileOpen              : Attemping to open remote file 'C:/Users/DHern/AppData/Local/FMOD Studio/UnsavedProjects/Hotswap-LZiBUK/hotswap_10.bank'
[LOG] Manager::readBank                        : fileversion = 135, compatVersion = 132 (oldest = 44, newest = 135)
[LOG] Manager::receiveLiveUpdateBank           : Received live update bank path: fmod:///remote/C:/Users/DHern/AppData/Local/FMOD Studio/UnsavedProjects/Hotswap-LZiBUK/hotswap_11.bank
[LOG] ProfileRemoteFile::fileOpen              : Attemping to open remote file 'C:/Users/DHern/AppData/Local/FMOD Studio/UnsavedProjects/Hotswap-LZiBUK/hotswap_11.bank'
[LOG] Manager::readBank                        : fileversion = 135, compatVersion = 132 (oldest = 44, newest = 135)
[LOG] Manager::receiveLiveUpdateBank           : Received live update bank path: fmod:///remote/C:/Users/DHern/AppData/Local/FMOD Studio/UnsavedProjects/Hotswap-LZiBUK/hotswap_12.bank
[LOG] ProfileRemoteFile::fileOpen              : Attemping to open remote file 'C:/Users/DHern/AppData/Local/FMOD Studio/UnsavedProjects/Hotswap-LZiBUK/hotswap_12.bank'
[LOG] Manager::readBank                        : fileversion = 135, compatVersion = 132 (oldest = 44, newest = 135)
[LOG] Manager::receiveLiveUpdateBank           : Received live update bank path: fmod:///remote/C:/Users/DHern/AppData/Local/FMOD Studio/UnsavedProjects/Hotswap-LZiBUK/hotswap_13.bank
[LOG] ProfileRemoteFile::fileOpen              : Attemping to open remote file 'C:/Users/DHern/AppData/Local/FMOD Studio/UnsavedProjects/Hotswap-LZiBUK/hotswap_13.bank'
[LOG] Manager::readBank                        : fileversion = 135, compatVersion = 132 (oldest = 44, newest = 135)
[LOG] Manager::receiveLiveUpdateBank           : Received live update bank path: fmod:///remote/C:/Users/DHern/AppData/Local/FMOD Studio/UnsavedProjects/Hotswap-LZiBUK/hotswap_14.bank
[LOG] ProfileRemoteFile::fileOpen              : Attemping to open remote file 'C:/Users/DHern/AppData/Local/FMOD Studio/UnsavedProjects/Hotswap-LZiBUK/hotswap_14.bank'
[LOG] Manager::readBank                        : fileversion = 135, compatVersion = 132 (oldest = 44, newest = 135)
[LOG] Manager::receiveLiveUpdateBank           : Received live update bank path: fmod:///remote/C:/Users/DHern/AppData/Local/FMOD Studio/UnsavedProjects/Hotswap-LZiBUK/hotswap_15.bank
[LOG] ProfileRemoteFile::fileOpen              : Attemping to open remote file 'C:/Users/DHern/AppData/Local/FMOD Studio/UnsavedProjects/Hotswap-LZiBUK/hotswap_15.bank'
[LOG] Manager::readBank                        : fileversion = 135, compatVersion = 132 (oldest = 44, newest = 135)
[LOG] Manager::receiveLiveUpdateBank           : Received live update bank path: fmod:///remote/C:/Users/DHern/AppData/Local/FMOD Studio/UnsavedProjects/Hotswap-LZiBUK/hotswap_16.bank
[LOG] ProfileRemoteFile::fileOpen              : Attemping to open remote file 'C:/Users/DHern/AppData/Local/FMOD Studio/UnsavedProjects/Hotswap-LZiBUK/hotswap_16.bank'
[LOG] Manager::readBank                        : fileversion = 135, compatVersion = 132 (oldest = 44, newest = 135)
[LOG] Manager::receiveLiveUpdateBank           : Received live update bank path: fmod:///remote/C:/Users/DHern/AppData/Local/FMOD Studio/UnsavedProjects/Hotswap-LZiBUK/hotswap_17.bank
[LOG] ProfileRemoteFile::fileOpen              : Attemping to open remote file 'C:/Users/DHern/AppData/Local/FMOD Studio/UnsavedProjects/Hotswap-LZiBUK/hotswap_17.bank'
[LOG] Manager::readBank                        : fileversion = 135, compatVersion = 132 (oldest = 44, newest = 135)
[LOG] Manager::receiveLiveUpdateBank           : Received live update bank path: fmod:///remote/C:/Users/DHern/AppData/Local/FMOD Studio/UnsavedProjects/Hotswap-LZiBUK/hotswap_18.bank
[LOG] ProfileRemoteFile::fileOpen              : Attemping to open remote file 'C:/Users/DHern/AppData/Local/FMOD Studio/UnsavedProjects/Hotswap-LZiBUK/hotswap_18.bank'
[LOG] Manager::readBank                        : fileversion = 135, compatVersion = 132 (oldest = 44, newest = 135)
[LOG] Manager::receiveLiveUpdateBank           : Received live update bank path: fmod:///remote/C:/Users/DHern/AppData/Local/FMOD Studio/UnsavedProjects/Hotswap-LZiBUK/hotswap_19.bank
[LOG] ProfileRemoteFile::fileOpen              : Attemping to open remote file 'C:/Users/DHern/AppData/Local/FMOD Studio/UnsavedProjects/Hotswap-LZiBUK/hotswap_19.bank'
[LOG] Manager::readBank                        : fileversion = 135, compatVersion = 132 (oldest = 44, newest = 135)
[LOG] Manager::receiveLiveUpdateBank           : Received live update bank path: fmod:///remote/C:/Users/DHern/AppData/Local/FMOD Studio/UnsavedProjects/Hotswap-LZiBUK/hotswap_20.bank
[LOG] ProfileRemoteFile::fileOpen              : Attemping to open remote file 'C:/Users/DHern/AppData/Local/FMOD Studio/UnsavedProjects/Hotswap-LZiBUK/hotswap_20.bank'
[LOG] Manager::readBank                        : fileversion = 135, compatVersion = 132 (oldest = 44, newest = 135)
[LOG] Manager::receiveLiveUpdateBank           : Received live update bank path: fmod:///remote/C:/Users/DHern/AppData/Local/FMOD Studio/UnsavedProjects/Hotswap-LZiBUK/hotswap_21.bank
[LOG] ProfileRemoteFile::fileOpen              : Attemping to open remote file 'C:/Users/DHern/AppData/Local/FMOD Studio/UnsavedProjects/Hotswap-LZiBUK/hotswap_21.bank'
[LOG] Manager::readBank                        : fileversion = 135, compatVersion = 132 (oldest = 44, newest = 135)
[LOG] Manager::receiveLiveUpdateBank           : Received live update bank path: fmod:///remote/C:/Users/DHern/AppData/Local/FMOD Studio/UnsavedProjects/Hotswap-LZiBUK/hotswap_22.bank
[LOG] ProfileRemoteFile::fileOpen              : Attemping to open remote file 'C:/Users/DHern/AppData/Local/FMOD Studio/UnsavedProjects/Hotswap-LZiBUK/hotswap_22.bank'
[LOG] Manager::readBank                        : fileversion = 135, compatVersion = 132 (oldest = 44, newest = 135)
[LOG] Manager::receiveLiveUpdateBank           : Received live update bank path: fmod:///remote/C:/Users/DHern/AppData/Local/FMOD Studio/UnsavedProjects/Hotswap-LZiBUK/hotswap_23.bank
[LOG] ProfileRemoteFile::fileOpen              : Attemping to open remote file 'C:/Users/DHern/AppData/Local/FMOD Studio/UnsavedProjects/Hotswap-LZiBUK/hotswap_23.bank'
[LOG] Manager::readBank                        : fileversion = 135, compatVersion = 132 (oldest = 44, newest = 135)
[LOG] Manager::receiveLiveUpdateBank           : Received live update bank path: fmod:///remote/C:/Users/DHern/AppData/Local/FMOD Studio/UnsavedProjects/Hotswap-LZiBUK/hotswap_24.bank
[LOG] ProfileRemoteFile::fileOpen              : Attemping to open remote file 'C:/Users/DHern/AppData/Local/FMOD Studio/UnsavedProjects/Hotswap-LZiBUK/hotswap_24.bank'
[LOG] Manager::readBank                        : fileversion = 135, compatVersion = 132 (oldest = 44, newest = 135)
[LOG] Manager::receiveLiveUpdateBank           : Received live update bank path: fmod:///remote/C:/Users/DHern/AppData/Local/FMOD Studio/UnsavedProjects/Hotswap-LZiBUK/hotswap_25.bank
[LOG] ProfileRemoteFile::fileOpen              : Attemping to open remote file 'C:/Users/DHern/AppData/Local/FMOD Studio/UnsavedProjects/Hotswap-LZiBUK/hotswap_25.bank'
[LOG] Manager::readBank                        : fileversion = 135, compatVersion = 132 (oldest = 44, newest = 135)
[LOG] Manager::receiveLiveUpdateBank           : Received live update bank path: fmod:///remote/C:/Users/DHern/AppData/Local/FMOD Studio/UnsavedProjects/Hotswap-LZiBUK/hotswap_26.bank
[LOG] ProfileRemoteFile::fileOpen              : Attemping to open remote file 'C:/Users/DHern/AppData/Local/FMOD Studio/UnsavedProjects/Hotswap-LZiBUK/hotswap_26.bank'
[LOG] Manager::readBank                        : fileversion = 135, compatVersion = 132 (oldest = 44, newest = 135)
[LOG] Manager::receiveLiveUpdateBank           : Received live update bank path: fmod:///remote/C:/Users/DHern/AppData/Local/FMOD Studio/UnsavedProjects/Hotswap-LZiBUK/hotswap_27.bank
[LOG] ProfileRemoteFile::fileOpen              : Attemping to open remote file 'C:/Users/DHern/AppData/Local/FMOD Studio/UnsavedProjects/Hotswap-LZiBUK/hotswap_27.bank'
[LOG] Manager::readBank                        : fileversion = 135, compatVersion = 132 (oldest = 44, newest = 135)
[LOG] Manager::receiveLiveUpdateBank           : Received live update bank path: fmod:///remote/C:/Users/DHern/AppData/Local/FMOD Studio/UnsavedProjects/Hotswap-LZiBUK/hotswap_28.bank
[LOG] ProfileRemoteFile::fileOpen              : Attemping to open remote file 'C:/Users/DHern/AppData/Local/FMOD Studio/UnsavedProjects/Hotswap-LZiBUK/hotswap_28.bank'
[LOG] Manager::readBank                        : fileversion = 135, compatVersion = 132 (oldest = 44, newest = 135)
[LOG] Manager::receiveLiveUpdateBank           : Received live update bank path: fmod:///remote/C:/Users/DHern/AppData/Local/FMOD Studio/UnsavedProjects/Hotswap-LZiBUK/hotswap_29.bank
[LOG] ProfileRemoteFile::fileOpen              : Attemping to open remote file 'C:/Users/DHern/AppData/Local/FMOD Studio/UnsavedProjects/Hotswap-LZiBUK/hotswap_29.bank'
[LOG] Manager::readBank                        : fileversion = 135, compatVersion = 132 (oldest = 44, newest = 135)
[LOG] Manager::receiveLiveUpdateBank           : Received live update bank path: fmod:///remote/C:/Users/DHern/AppData/Local/FMOD Studio/UnsavedProjects/Hotswap-LZiBUK/hotswap_30.bank
[LOG] ProfileRemoteFile::fileOpen              : Attemping to open remote file 'C:/Users/DHern/AppData/Local/FMOD Studio/UnsavedProjects/Hotswap-LZiBUK/hotswap_30.bank'
[LOG] Manager::readBank                        : fileversion = 135, compatVersion = 132 (oldest = 44, newest = 135)
[LOG] Manager::receiveLiveUpdateBank           : Received live update bank path: fmod:///remote/C:/Users/DHern/AppData/Local/FMOD Studio/UnsavedProjects/Hotswap-LZiBUK/hotswap_31.bank
[LOG] ProfileRemoteFile::fileOpen              : Attemping to open remote file 'C:/Users/DHern/AppData/Local/FMOD Studio/UnsavedProjects/Hotswap-LZiBUK/hotswap_31.bank'
[LOG] Manager::readBank                        : fileversion = 135, compatVersion = 132 (oldest = 44, newest = 135)
[LOG] Manager::receiveLiveUpdateBank           : Received live update bank path: fmod:///remote/C:/Users/DHern/AppData/Local/FMOD Studio/UnsavedProjects/Hotswap-LZiBUK/hotswap_32.bank
[LOG] ProfileRemoteFile::fileOpen              : Attemping to open remote file 'C:/Users/DHern/AppData/Local/FMOD Studio/UnsavedProjects/Hotswap-LZiBUK/hotswap_32.bank'
[LOG] Manager::readBank                        : fileversion = 135, compatVersion = 132 (oldest = 44, newest = 135)
[LOG] Manager::receiveLiveUpdateBank           : Received live update bank path: fmod:///remote/C:/Users/DHern/AppData/Local/FMOD Studio/UnsavedProjects/Hotswap-LZiBUK/hotswap_33.bank
[LOG] ProfileRemoteFile::fileOpen              : Attemping to open remote file 'C:/Users/DHern/AppData/Local/FMOD Studio/UnsavedProjects/Hotswap-LZiBUK/hotswap_33.bank'
[LOG] Manager::readBank                        : fileversion = 135, compatVersion = 132 (oldest = 44, newest = 135)
[LOG] SoundI::release                          : Platformer_Menu_Draft (0000022B13C9F0B8)
[LOG] SoundI::release                          :     Platformer_Menu_Draft (0000022B13D4D2A8)
[LOG] SoundI::release                          :     Platformer_Menu_Draft (0000022B13C2B9D8)
[LOG] SoundI::release                          :  (0000022B0F847798)
[LOG] SoundI::release                          :     veh_lawnmower_0945_off_exh (0000022B13C71138)
[LOG] SoundI::release                          :  (0000022B0F84A148)
[LOG] SoundI::release                          :     veh_lawnmower_0879_on_exh (0000022AF6DA0B18)
[LOG] SoundI::release                          :  (0000022B0F847A78)
[LOG] SoundI::release                          :     veh_lawnmower_1121_on_exh (0000022B13C70F98)
[LOG] SoundI::release                          :  (0000022B0F848768)
[LOG] SoundI::release                          :     veh_lawnmower_1406_off_exh (0000022B13C712D8)
[LOG] SoundI::release                          :  (0000022B0F848E98)
[LOG] SoundI::release                          :     veh_lawnmower_1648_off_exh (0000022AF6D9FFB8)
[LOG] SoundI::release                          :  (0000022B0F847908)
[LOG] SoundI::release                          :     veh_lawnmower_idle_exh (0000022B13C70DF8)
[LOG] SoundI::release                          :  (0000022B0F8488D8)
[LOG] SoundI::release                          :     veh_lawnmower_1604_on_exh (0000022AF6D9FE18)
[LOG] Thread::callback                         : FMOD Studio update thread finished.
[LOG] Thread::callback                         : FMOD Studio bank load thread finished.
[LOG] ProfileClient::markForDead               : Closing client connection
[LOG] Profile::disconnectAll                   : Profiler disconnecting all clients
[LOG] Thread::callback                         : FMOD profiler thread (send) finished.
[LOG] FMOD_OS_Net_Read                         : Interrupted.[LOG] ProfileClient::recvThreadLoopFunction    : Socket disconnected
[LOG] Thread::callback                         : FMOD profiler thread (recv) finished.
[LOG] Thread::callback                         : FMOD Studio sample load thread finished.
[LOG] LiveUpdate::release                      : 
[LOG] LiveUpdate::reset                        : Reset connection (reason Disconnected)
[LOG] Thread::callback                         : FMOD stream thread finished.
[LOG] Thread::callback                         : FMOD mixer thread finished.
[LOG] Profile::disconnectAll                   : Profiler disconnecting all clients
[LOG] SystemI::close                           : Closed.
